{"E:\\VANNILLAUNICORN\\react-test\\src\\Counter\\Counter.jsx": {"path":"E:\\VANNILLAUNICORN\\react-test\\src\\Counter\\Counter.jsx","all":false,"statementMap":{"0":{"start":{"line":1,"column":0},"end":{"line":1,"column":40}},"1":{"start":{"line":2,"column":0},"end":{"line":2,"column":0}},"2":{"start":{"line":3,"column":0},"end":{"line":3,"column":20}},"3":{"start":{"line":4,"column":0},"end":{"line":4,"column":54}},"4":{"start":{"line":5,"column":0},"end":{"line":5,"column":50}},"5":{"start":{"line":6,"column":0},"end":{"line":6,"column":0}},"6":{"start":{"line":7,"column":0},"end":{"line":7,"column":30}},"7":{"start":{"line":8,"column":0},"end":{"line":8,"column":47}},"8":{"start":{"line":9,"column":0},"end":{"line":9,"column":3}},"9":{"start":{"line":10,"column":0},"end":{"line":10,"column":0}},"10":{"start":{"line":11,"column":0},"end":{"line":11,"column":37}},"11":{"start":{"line":12,"column":0},"end":{"line":12,"column":47}},"12":{"start":{"line":13,"column":0},"end":{"line":13,"column":3}},"13":{"start":{"line":14,"column":0},"end":{"line":14,"column":0}},"14":{"start":{"line":15,"column":0},"end":{"line":15,"column":10}},"15":{"start":{"line":16,"column":0},"end":{"line":16,"column":9}},"16":{"start":{"line":17,"column":0},"end":{"line":17,"column":46}},"17":{"start":{"line":18,"column":0},"end":{"line":18,"column":9}},"18":{"start":{"line":19,"column":0},"end":{"line":19,"column":29}},"19":{"start":{"line":20,"column":0},"end":{"line":20,"column":99}},"20":{"start":{"line":21,"column":0},"end":{"line":21,"column":26}},"21":{"start":{"line":22,"column":0},"end":{"line":22,"column":13}},"22":{"start":{"line":23,"column":0},"end":{"line":23,"column":34}},"23":{"start":{"line":24,"column":0},"end":{"line":24,"column":37}},"24":{"start":{"line":25,"column":0},"end":{"line":25,"column":17}},"25":{"start":{"line":26,"column":0},"end":{"line":26,"column":12}},"26":{"start":{"line":27,"column":0},"end":{"line":27,"column":27}},"27":{"start":{"line":28,"column":0},"end":{"line":28,"column":21}},"28":{"start":{"line":29,"column":0},"end":{"line":29,"column":26}},"29":{"start":{"line":30,"column":0},"end":{"line":30,"column":26}},"30":{"start":{"line":31,"column":0},"end":{"line":31,"column":50}},"31":{"start":{"line":32,"column":0},"end":{"line":32,"column":10}},"32":{"start":{"line":33,"column":0},"end":{"line":33,"column":8}},"33":{"start":{"line":34,"column":0},"end":{"line":34,"column":13}},"34":{"start":{"line":35,"column":0},"end":{"line":35,"column":29}},"35":{"start":{"line":36,"column":0},"end":{"line":36,"column":30}},"36":{"start":{"line":37,"column":0},"end":{"line":37,"column":17}},"37":{"start":{"line":38,"column":0},"end":{"line":38,"column":10}},"38":{"start":{"line":39,"column":0},"end":{"line":39,"column":3}},"39":{"start":{"line":40,"column":0},"end":{"line":40,"column":1}},"40":{"start":{"line":41,"column":0},"end":{"line":41,"column":0}},"41":{"start":{"line":42,"column":0},"end":{"line":42,"column":23}}},"s":{"0":1,"1":1,"2":36,"3":36,"4":36,"5":36,"6":36,"7":9,"8":9,"9":36,"10":36,"11":10,"12":10,"13":36,"14":36,"15":36,"16":36,"17":36,"18":36,"19":36,"20":36,"21":36,"22":36,"23":36,"24":36,"25":36,"26":36,"27":36,"28":36,"29":36,"30":5,"31":5,"32":36,"33":36,"34":36,"35":36,"36":36,"37":36,"38":36,"39":36,"40":1,"41":1},"branchMap":{"0":{"type":"branch","line":3,"loc":{"start":{"line":3,"column":0},"end":{"line":40,"column":1}},"locations":[{"start":{"line":3,"column":0},"end":{"line":40,"column":1}}]},"1":{"type":"branch","line":20,"loc":{"start":{"line":20,"column":42},"end":{"line":20,"column":53}},"locations":[{"start":{"line":20,"column":42},"end":{"line":20,"column":53}}]},"2":{"type":"branch","line":20,"loc":{"start":{"line":20,"column":53},"end":{"line":20,"column":58}},"locations":[{"start":{"line":20,"column":53},"end":{"line":20,"column":58}}]},"3":{"type":"branch","line":20,"loc":{"start":{"line":20,"column":82},"end":{"line":20,"column":91}},"locations":[{"start":{"line":20,"column":82},"end":{"line":20,"column":91}}]},"4":{"type":"branch","line":20,"loc":{"start":{"line":20,"column":91},"end":{"line":20,"column":96}},"locations":[{"start":{"line":20,"column":91},"end":{"line":20,"column":96}}]},"5":{"type":"branch","line":7,"loc":{"start":{"line":7,"column":23},"end":{"line":9,"column":3}},"locations":[{"start":{"line":7,"column":23},"end":{"line":9,"column":3}}]},"6":{"type":"branch","line":11,"loc":{"start":{"line":11,"column":30},"end":{"line":13,"column":3}},"locations":[{"start":{"line":11,"column":30},"end":{"line":13,"column":3}}]},"7":{"type":"branch","line":30,"loc":{"start":{"line":30,"column":18},"end":{"line":32,"column":10}},"locations":[{"start":{"line":30,"column":18},"end":{"line":32,"column":10}}]}},"b":{"0":[36],"1":[3],"2":[33],"3":[2],"4":[34],"5":[9],"6":[10],"7":[5]},"fnMap":{"0":{"name":"Counter","decl":{"start":{"line":3,"column":0},"end":{"line":40,"column":1}},"loc":{"start":{"line":3,"column":0},"end":{"line":40,"column":1}},"line":3},"1":{"name":"addToCounter","decl":{"start":{"line":7,"column":23},"end":{"line":9,"column":3}},"loc":{"start":{"line":7,"column":23},"end":{"line":9,"column":3}},"line":7},"2":{"name":"subtractFromCounter","decl":{"start":{"line":11,"column":30},"end":{"line":13,"column":3}},"loc":{"start":{"line":11,"column":30},"end":{"line":13,"column":3}},"line":11},"3":{"name":"onChange","decl":{"start":{"line":30,"column":18},"end":{"line":32,"column":10}},"loc":{"start":{"line":30,"column":18},"end":{"line":32,"column":10}},"line":30}},"f":{"0":36,"1":9,"2":10,"3":5}}
}
