TN:
SF:src\Counter\Counter.jsx
FN:3,Counter
FN:7,addToCounter
FN:11,subtractFromCounter
FN:30,onChange
FNF:4
FNH:4
FNDA:36,Counter
FNDA:9,addToCounter
FNDA:10,subtractFromCounter
FNDA:5,onChange
DA:1,1
DA:2,1
DA:3,36
DA:4,36
DA:5,36
DA:6,36
DA:7,36
DA:8,9
DA:9,9
DA:10,36
DA:11,36
DA:12,10
DA:13,10
DA:14,36
DA:15,36
DA:16,36
DA:17,36
DA:18,36
DA:19,36
DA:20,36
DA:21,36
DA:22,36
DA:23,36
DA:24,36
DA:25,36
DA:26,36
DA:27,36
DA:28,36
DA:29,36
DA:30,36
DA:31,5
DA:32,5
DA:33,36
DA:34,36
DA:35,36
DA:36,36
DA:37,36
DA:38,36
DA:39,36
DA:40,36
DA:41,1
DA:42,1
LF:42
LH:42
BRDA:3,0,0,36
BRDA:20,1,0,3
BRDA:20,2,0,33
BRDA:20,3,0,2
BRDA:20,4,0,34
BRDA:7,5,0,9
BRDA:11,6,0,10
BRDA:30,7,0,5
BRF:8
BRH:8
end_of_record
